<?xml version="1.0" encoding="UTF-8"?>
<coverage generated="1656695241248" clover="3.2.0">
  <project timestamp="1656695241249" name="All files">
    <metrics statements="33" coveredstatements="33" conditionals="4" coveredconditionals="4" methods="11" coveredmethods="11" elements="48" coveredelements="48" complexity="0" loc="33" ncloc="33" packages="1" files="2" classes="2"/>
    <file name="order.js" path="/home/christianpinna/projects/takeaway/src/lib/order.js">
      <metrics statements="18" coveredstatements="18" conditionals="2" coveredconditionals="2" methods="5" coveredmethods="5"/>
      <line num="3" count="8" type="stmt"/>
      <line num="4" count="8" type="stmt"/>
      <line num="5" count="8" type="stmt"/>
      <line num="9" count="6" type="stmt"/>
      <line num="10" count="6" type="stmt"/>
      <line num="16" count="4" type="cond" truecount="2" falsecount="0"/>
      <line num="17" count="2" type="stmt"/>
      <line num="19" count="2" type="stmt"/>
      <line num="24" count="4" type="stmt"/>
      <line num="28" count="6" type="stmt"/>
      <line num="32" count="2" type="stmt"/>
      <line num="33" count="3" type="stmt"/>
      <line num="34" count="2" type="stmt"/>
      <line num="38" count="5" type="stmt"/>
      <line num="42" count="2" type="stmt"/>
      <line num="43" count="3" type="stmt"/>
      <line num="44" count="2" type="stmt"/>
      <line num="48" count="3" type="stmt"/>
    </file>
    <file name="shop.js" path="/home/christianpinna/projects/takeaway/src/lib/shop.js">
      <metrics statements="15" coveredstatements="15" conditionals="2" coveredconditionals="2" methods="6" coveredmethods="6"/>
      <line num="1" count="2" type="stmt"/>
      <line num="5" count="6" type="stmt"/>
      <line num="10" count="6" type="stmt"/>
      <line num="14" count="1" type="stmt"/>
      <line num="18" count="4" type="stmt"/>
      <line num="21" count="12" type="cond" truecount="2" falsecount="0"/>
      <line num="22" count="4" type="stmt"/>
      <line num="29" count="4" type="stmt"/>
      <line num="33" count="4" type="stmt"/>
      <line num="37" count="3" type="stmt"/>
      <line num="41" count="1" type="stmt"/>
      <line num="42" count="1" type="stmt"/>
      <line num="43" count="3" type="stmt"/>
      <line num="45" count="1" type="stmt"/>
      <line num="49" count="2" type="stmt"/>
    </file>
  </project>
</coverage>
