<?xml version="1.0" encoding="UTF-8"?>
<coverage generated="1656923398396" clover="3.2.0">
  <project timestamp="1656923398396" name="All files">
    <metrics statements="51" coveredstatements="50" conditionals="8" coveredconditionals="8" methods="14" coveredmethods="13" elements="73" coveredelements="71" complexity="0" loc="51" ncloc="51" packages="1" files="3" classes="3"/>
    <file name="order.js" path="/home/christianpinna/projects/takeaway/src/lib/order.js">
      <metrics statements="18" coveredstatements="18" conditionals="2" coveredconditionals="2" methods="5" coveredmethods="5"/>
      <line num="3" count="10" type="stmt"/>
      <line num="4" count="10" type="stmt"/>
      <line num="5" count="10" type="stmt"/>
      <line num="9" count="8" type="stmt"/>
      <line num="10" count="8" type="stmt"/>
      <line num="16" count="5" type="cond" truecount="2" falsecount="0"/>
      <line num="17" count="2" type="stmt"/>
      <line num="19" count="3" type="stmt"/>
      <line num="24" count="5" type="stmt"/>
      <line num="28" count="8" type="stmt"/>
      <line num="32" count="3" type="stmt"/>
      <line num="33" count="5" type="stmt"/>
      <line num="34" count="3" type="stmt"/>
      <line num="38" count="8" type="stmt"/>
      <line num="42" count="3" type="stmt"/>
      <line num="43" count="5" type="stmt"/>
      <line num="44" count="3" type="stmt"/>
      <line num="48" count="3" type="stmt"/>
    </file>
    <file name="shop.js" path="/home/christianpinna/projects/takeaway/src/lib/shop.js">
      <metrics statements="26" coveredstatements="26" conditionals="6" coveredconditionals="6" methods="7" coveredmethods="7"/>
      <line num="1" count="2" type="stmt"/>
      <line num="2" count="2" type="stmt"/>
      <line num="6" count="8" type="stmt"/>
      <line num="11" count="8" type="stmt"/>
      <line num="12" count="8" type="stmt"/>
      <line num="13" count="8" type="stmt"/>
      <line num="17" count="1" type="stmt"/>
      <line num="21" count="7" type="cond" truecount="2" falsecount="0"/>
      <line num="22" count="1" type="stmt"/>
      <line num="24" count="6" type="stmt"/>
      <line num="29" count="5" type="stmt"/>
      <line num="33" count="1" type="stmt"/>
      <line num="37" count="1" type="stmt"/>
      <line num="38" count="1" type="stmt"/>
      <line num="42" count="2" type="stmt"/>
      <line num="46" count="6" type="stmt"/>
      <line num="47" count="18" type="cond" truecount="2" falsecount="0"/>
      <line num="48" count="6" type="stmt"/>
      <line num="55" count="7" type="cond" truecount="2" falsecount="0"/>
      <line num="60" count="6" type="stmt"/>
      <line num="64" count="3" type="stmt"/>
      <line num="68" count="1" type="stmt"/>
      <line num="69" count="1" type="stmt"/>
      <line num="70" count="3" type="stmt"/>
      <line num="72" count="1" type="stmt"/>
      <line num="76" count="2" type="stmt"/>
    </file>
    <file name="twilio.js" path="/home/christianpinna/projects/takeaway/src/lib/twilio.js">
      <metrics statements="7" coveredstatements="6" conditionals="0" coveredconditionals="0" methods="2" coveredmethods="1"/>
      <line num="1" count="2" type="stmt"/>
      <line num="5" count="1" type="stmt"/>
      <line num="6" count="1" type="stmt"/>
      <line num="7" count="1" type="stmt"/>
      <line num="9" count="1" type="stmt"/>
      <line num="14" count="0" type="stmt"/>
      <line num="19" count="2" type="stmt"/>
    </file>
  </project>
</coverage>
