{"/home/christianpinna/projects/takeaway/src/lib/order.js": {"path":"/home/christianpinna/projects/takeaway/src/lib/order.js","statementMap":{"0":{"start":{"line":3,"column":4},"end":{"line":3,"column":20}},"1":{"start":{"line":4,"column":4},"end":{"line":4,"column":38}},"2":{"start":{"line":5,"column":4},"end":{"line":5,"column":34}},"3":{"start":{"line":9,"column":17},"end":{"line":9,"column":59}},"4":{"start":{"line":10,"column":4},"end":{"line":10,"column":26}},"5":{"start":{"line":16,"column":4},"end":{"line":20,"column":5}},"6":{"start":{"line":17,"column":6},"end":{"line":17,"column":36}},"7":{"start":{"line":19,"column":6},"end":{"line":19,"column":109}},"8":{"start":{"line":24,"column":4},"end":{"line":24,"column":35}},"9":{"start":{"line":28,"column":4},"end":{"line":28,"column":60}},"10":{"start":{"line":32,"column":21},"end":{"line":32,"column":23}},"11":{"start":{"line":33,"column":4},"end":{"line":33,"column":119}},"12":{"start":{"line":33,"column":31},"end":{"line":33,"column":117}},"13":{"start":{"line":34,"column":4},"end":{"line":34,"column":22}},"14":{"start":{"line":38,"column":4},"end":{"line":38,"column":25}},"15":{"start":{"line":42,"column":28},"end":{"line":42,"column":29}},"16":{"start":{"line":43,"column":4},"end":{"line":43,"column":65}},"17":{"start":{"line":43,"column":32},"end":{"line":43,"column":63}},"18":{"start":{"line":44,"column":4},"end":{"line":44,"column":52}},"19":{"start":{"line":48,"column":0},"end":{"line":48,"column":23}}},"fnMap":{"0":{"name":"(anonymous_0)","decl":{"start":{"line":2,"column":2},"end":{"line":2,"column":3}},"loc":{"start":{"line":2,"column":17},"end":{"line":6,"column":3}},"line":2},"1":{"name":"(anonymous_1)","decl":{"start":{"line":8,"column":2},"end":{"line":8,"column":3}},"loc":{"start":{"line":8,"column":33},"end":{"line":11,"column":3}},"line":8},"2":{"name":"(anonymous_2)","decl":{"start":{"line":15,"column":2},"end":{"line":15,"column":3}},"loc":{"start":{"line":15,"column":15},"end":{"line":21,"column":3}},"line":15},"3":{"name":"(anonymous_3)","decl":{"start":{"line":33,"column":23},"end":{"line":33,"column":24}},"loc":{"start":{"line":33,"column":31},"end":{"line":33,"column":117}},"line":33},"4":{"name":"(anonymous_4)","decl":{"start":{"line":43,"column":24},"end":{"line":43,"column":25}},"loc":{"start":{"line":43,"column":32},"end":{"line":43,"column":63}},"line":43}},"branchMap":{"0":{"loc":{"start":{"line":16,"column":4},"end":{"line":20,"column":5}},"type":"if","locations":[{"start":{"line":16,"column":4},"end":{"line":20,"column":5}},{"start":{"line":18,"column":11},"end":{"line":20,"column":5}}],"line":16}},"s":{"0":9,"1":9,"2":9,"3":6,"4":6,"5":4,"6":2,"7":2,"8":4,"9":6,"10":2,"11":2,"12":3,"13":2,"14":5,"15":2,"16":2,"17":3,"18":2,"19":3},"f":{"0":9,"1":6,"2":4,"3":3,"4":3},"b":{"0":[2,2]},"_coverageSchema":"1a1c01bbd47fc00a2c39e90264f33305004495a9","hash":"ee7279f793206c174ee5a8550eac86dc20c51422"}
,"/home/christianpinna/projects/takeaway/src/lib/shop.js": {"path":"/home/christianpinna/projects/takeaway/src/lib/shop.js","statementMap":{"0":{"start":{"line":1,"column":14},"end":{"line":1,"column":37}},"1":{"start":{"line":5,"column":4},"end":{"line":9,"column":5}},"2":{"start":{"line":10,"column":4},"end":{"line":10,"column":28}},"3":{"start":{"line":14,"column":4},"end":{"line":14,"column":30}},"4":{"start":{"line":18,"column":4},"end":{"line":29,"column":5}},"5":{"start":{"line":19,"column":6},"end":{"line":19,"column":55}},"6":{"start":{"line":21,"column":6},"end":{"line":28,"column":6}},"7":{"start":{"line":24,"column":8},"end":{"line":26,"column":9}},"8":{"start":{"line":25,"column":8},"end":{"line":25,"column":103}},"9":{"start":{"line":33,"column":4},"end":{"line":33,"column":35}},"10":{"start":{"line":37,"column":4},"end":{"line":37,"column":32}},"11":{"start":{"line":41,"column":4},"end":{"line":41,"column":25}},"12":{"start":{"line":45,"column":21},"end":{"line":45,"column":23}},"13":{"start":{"line":46,"column":4},"end":{"line":48,"column":8}},"14":{"start":{"line":47,"column":8},"end":{"line":47,"column":99}},"15":{"start":{"line":49,"column":4},"end":{"line":49,"column":22}},"16":{"start":{"line":53,"column":0},"end":{"line":53,"column":22}}},"fnMap":{"0":{"name":"(anonymous_0)","decl":{"start":{"line":4,"column":2},"end":{"line":4,"column":3}},"loc":{"start":{"line":4,"column":16},"end":{"line":11,"column":3}},"line":4},"1":{"name":"(anonymous_1)","decl":{"start":{"line":13,"column":2},"end":{"line":13,"column":3}},"loc":{"start":{"line":13,"column":13},"end":{"line":15,"column":3}},"line":13},"2":{"name":"(anonymous_2)","decl":{"start":{"line":17,"column":2},"end":{"line":17,"column":3}},"loc":{"start":{"line":17,"column":31},"end":{"line":30,"column":3}},"line":17},"3":{"name":"(anonymous_3)","decl":{"start":{"line":22,"column":5},"end":{"line":22,"column":6}},"loc":{"start":{"line":23,"column":6},"end":{"line":27,"column":7}},"line":23},"4":{"name":"(anonymous_4)","decl":{"start":{"line":32,"column":2},"end":{"line":32,"column":3}},"loc":{"start":{"line":32,"column":14},"end":{"line":34,"column":3}},"line":32},"5":{"name":"(anonymous_5)","decl":{"start":{"line":46,"column":23},"end":{"line":46,"column":24}},"loc":{"start":{"line":47,"column":8},"end":{"line":47,"column":99}},"line":47}},"branchMap":{"0":{"loc":{"start":{"line":18,"column":4},"end":{"line":29,"column":5}},"type":"if","locations":[{"start":{"line":18,"column":4},"end":{"line":29,"column":5}},{"start":{"line":20,"column":11},"end":{"line":29,"column":5}}],"line":18},"1":{"loc":{"start":{"line":18,"column":8},"end":{"line":18,"column":40}},"type":"binary-expr","locations":[{"start":{"line":18,"column":8},"end":{"line":18,"column":21}},{"start":{"line":18,"column":25},"end":{"line":18,"column":40}}],"line":18},"2":{"loc":{"start":{"line":24,"column":8},"end":{"line":26,"column":9}},"type":"if","locations":[{"start":{"line":24,"column":8},"end":{"line":26,"column":9}},{"start":{},"end":{}}],"line":24}},"s":{"0":2,"1":7,"2":7,"3":1,"4":5,"5":1,"6":4,"7":12,"8":4,"9":4,"10":4,"11":3,"12":1,"13":1,"14":3,"15":1,"16":2},"f":{"0":7,"1":1,"2":5,"3":12,"4":4,"5":3},"b":{"0":[1,4],"1":[5,4],"2":[4,8]},"_coverageSchema":"1a1c01bbd47fc00a2c39e90264f33305004495a9","hash":"124f2e7adac8513eab74753aca2ee98c3feaaa8b"}
}
