TN:
SF:src/lib/order.js
FN:2,(anonymous_0)
FN:8,(anonymous_1)
FN:15,(anonymous_2)
FN:33,(anonymous_3)
FN:43,(anonymous_4)
FNF:5
FNH:5
FNDA:10,(anonymous_0)
FNDA:8,(anonymous_1)
FNDA:5,(anonymous_2)
FNDA:5,(anonymous_3)
FNDA:5,(anonymous_4)
DA:3,10
DA:4,10
DA:5,10
DA:9,8
DA:10,8
DA:16,5
DA:17,2
DA:19,3
DA:24,5
DA:28,8
DA:32,3
DA:33,5
DA:34,3
DA:38,8
DA:42,3
DA:43,5
DA:44,3
DA:48,3
LF:18
LH:18
BRDA:16,0,0,2
BRDA:16,0,1,3
BRF:2
BRH:2
end_of_record
TN:
SF:src/lib/shop.js
FN:5,(anonymous_0)
FN:16,(anonymous_1)
FN:20,(anonymous_2)
FN:28,(anonymous_3)
FN:32,(anonymous_4)
FN:46,(anonymous_5)
FN:69,(anonymous_6)
FNF:7
FNH:7
FNDA:8,(anonymous_0)
FNDA:1,(anonymous_1)
FNDA:7,(anonymous_2)
FNDA:5,(anonymous_3)
FNDA:1,(anonymous_4)
FNDA:18,(anonymous_5)
FNDA:3,(anonymous_6)
DA:1,2
DA:2,2
DA:6,8
DA:11,8
DA:12,8
DA:13,8
DA:17,1
DA:21,7
DA:22,1
DA:24,6
DA:29,5
DA:33,1
DA:37,1
DA:38,1
DA:42,2
DA:46,6
DA:47,18
DA:48,6
DA:55,7
DA:60,6
DA:64,3
DA:68,1
DA:69,1
DA:70,3
DA:72,1
DA:76,2
LF:26
LH:26
BRDA:21,0,0,1
BRDA:21,0,1,6
BRDA:47,1,0,6
BRDA:47,1,1,12
BRDA:55,2,0,7
BRDA:55,2,1,6
BRF:6
BRH:6
end_of_record
TN:
SF:src/lib/twilio.js
FN:4,(anonymous_0)
FN:14,(anonymous_1)
FNF:2
FNH:1
FNDA:1,(anonymous_0)
FNDA:0,(anonymous_1)
DA:1,2
DA:5,1
DA:6,1
DA:7,1
DA:9,1
DA:14,0
DA:19,2
LF:7
LH:6
BRF:0
BRH:0
end_of_record
