TN:
SF:src/lib/order.js
FN:2,(anonymous_0)
FN:8,(anonymous_1)
FN:15,(anonymous_2)
FN:33,(anonymous_3)
FN:43,(anonymous_4)
FNF:5
FNH:5
FNDA:8,(anonymous_0)
FNDA:6,(anonymous_1)
FNDA:4,(anonymous_2)
FNDA:3,(anonymous_3)
FNDA:3,(anonymous_4)
DA:3,8
DA:4,8
DA:5,8
DA:9,6
DA:10,6
DA:16,4
DA:17,2
DA:19,2
DA:24,4
DA:28,6
DA:32,2
DA:33,3
DA:34,2
DA:38,5
DA:42,2
DA:43,3
DA:44,2
DA:48,3
LF:18
LH:18
BRDA:16,0,0,2
BRDA:16,0,1,2
BRF:2
BRH:2
end_of_record
TN:
SF:src/lib/shop.js
FN:4,(anonymous_0)
FN:13,(anonymous_1)
FN:17,(anonymous_2)
FN:19,(anonymous_3)
FN:28,(anonymous_4)
FN:42,(anonymous_5)
FNF:6
FNH:6
FNDA:6,(anonymous_0)
FNDA:1,(anonymous_1)
FNDA:4,(anonymous_2)
FNDA:12,(anonymous_3)
FNDA:4,(anonymous_4)
FNDA:3,(anonymous_5)
DA:1,2
DA:5,6
DA:10,6
DA:14,1
DA:18,4
DA:21,12
DA:22,4
DA:29,4
DA:33,4
DA:37,3
DA:41,1
DA:42,1
DA:43,3
DA:45,1
DA:49,2
LF:15
LH:15
BRDA:21,0,0,4
BRDA:21,0,1,8
BRF:2
BRH:2
end_of_record
